<?xml version="1.0" encoding="UTF-8"?>
<!-- Generated by org.testng.reporters.JUnitXMLReporter -->
<testsuite ignored="0" hostname="Deepak" failures="0" tests="16" name="Default test" time="192.711" errors="0" timestamp="2021-01-20T14:19:59 IST">
  <testcase classname="test.testTest" name="searchTour" time="13.743"/>
  <testcase classname="test.testTest" name="searchTour" time="15.814"/>
  <testcase classname="test.testTest" name="searchTour" time="16.879"/>
  <testcase classname="test.testTest" name="searchTour" time="13.672"/>
  <testcase classname="test.testTest" name="searchPnr" time="8.251"/>
  <testcase classname="test.testTest" name="searchPnr" time="5.592"/>
  <testcase classname="test.testTest" name="searchPnr" time="4.493"/>
  <testcase classname="test.testTest" name="searchPnr" time="4.409"/>
  <testcase classname="test.testTest" name="searchbus" time="11.092"/>
  <testcase classname="test.testTest" name="searchbus" time="11.102"/>
  <testcase classname="test.testTest" name="searchbus" time="14.052"/>
  <testcase classname="test.testTest" name="searchbus" time="11.283"/>
  <testcase classname="test.testTest" name="holidays" time="10.941"/>
  <testcase classname="test.testTest" name="holidays" time="12.095"/>
  <testcase classname="test.testTest" name="holidays" time="11.839"/>
  <testcase classname="test.testTest" name="holidays" time="11.203"/>
</testsuite> <!-- Default test -->
